2024-11-27T06:10:44.649-05:00  INFO 60383 --- [cart-service] [restartedMain] [                                                 ] com.example.cart.CartApplication         : Starting CartApplication using Java 17.0.13 with PID 60383 (/Users/shuaizhang/Desktop/spring-boot/cart/target/classes started by shuaizhang in /Users/shuaizhang/Desktop/spring-boot)
2024-11-27T06:10:44.661-05:00  INFO 60383 --- [cart-service] [restartedMain] [                                                 ] com.example.cart.CartApplication         : No active profile set, falling back to 1 default profile: "default"
2024-11-27T06:10:44.924-05:00  INFO 60383 --- [cart-service] [restartedMain] [                                                 ] .e.DevToolsPropertyDefaultsPostProcessor : Devtools property defaults active! Set 'spring.devtools.add-properties' to 'false' to disable
2024-11-27T06:10:44.925-05:00  INFO 60383 --- [cart-service] [restartedMain] [                                                 ] .e.DevToolsPropertyDefaultsPostProcessor : For additional web related logging consider setting the 'logging.level.web' property to 'DEBUG'
2024-11-27T06:10:50.621-05:00  INFO 60383 --- [cart-service] [restartedMain] [                                                 ] .s.d.r.c.RepositoryConfigurationDelegate : Bootstrapping Spring Data JPA repositories in DEFAULT mode.
2024-11-27T06:10:51.038-05:00  INFO 60383 --- [cart-service] [restartedMain] [                                                 ] .s.d.r.c.RepositoryConfigurationDelegate : Finished Spring Data repository scanning in 401 ms. Found 1 JPA repository interface.
2024-11-27T06:10:51.873-05:00  INFO 60383 --- [cart-service] [restartedMain] [                                                 ] o.s.cloud.context.scope.GenericScope     : BeanFactory id=73963074-58ae-3f98-9a8a-9dfee356167d
2024-11-27T06:10:52.763-05:00  WARN 60383 --- [cart-service] [restartedMain] [                                                 ] trationDelegate$BeanPostProcessorChecker : Bean 'org.springframework.cloud.client.loadbalancer.LoadBalancerAutoConfiguration$DeferringLoadBalancerInterceptorConfig' of type [org.springframework.cloud.client.loadbalancer.LoadBalancerAutoConfiguration$DeferringLoadBalancerInterceptorConfig] is not eligible for getting processed by all BeanPostProcessors (for example: not eligible for auto-proxying). The currently created BeanPostProcessor [lbRestClientPostProcessor] is declared through a non-static factory method on that class; consider declaring it as static instead.
2024-11-27T06:10:52.771-05:00  WARN 60383 --- [cart-service] [restartedMain] [                                                 ] trationDelegate$BeanPostProcessorChecker : Bean 'deferringLoadBalancerInterceptor' of type [org.springframework.cloud.client.loadbalancer.DeferringLoadBalancerInterceptor] is not eligible for getting processed by all BeanPostProcessors (for example: not eligible for auto-proxying). Is this bean getting eagerly injected/applied to a currently created BeanPostProcessor [lbRestClientPostProcessor]? Check the corresponding BeanPostProcessor declaration and its dependencies/advisors. If this bean does not have to be post-processed, declare it with ROLE_INFRASTRUCTURE.
2024-11-27T06:10:52.820-05:00  WARN 60383 --- [cart-service] [restartedMain] [                                                 ] trationDelegate$BeanPostProcessorChecker : Bean 'org.springframework.cloud.client.loadbalancer.reactive.LoadBalancerBeanPostProcessorAutoConfiguration' of type [org.springframework.cloud.client.loadbalancer.reactive.LoadBalancerBeanPostProcessorAutoConfiguration] is not eligible for getting processed by all BeanPostProcessors (for example: not eligible for auto-proxying). The currently created BeanPostProcessor [loadBalancerWebClientBuilderBeanPostProcessor] is declared through a non-static factory method on that class; consider declaring it as static instead.
2024-11-27T06:10:52.904-05:00  WARN 60383 --- [cart-service] [restartedMain] [                                                 ] trationDelegate$BeanPostProcessorChecker : Bean 'org.springframework.cloud.client.loadbalancer.reactive.LoadBalancerBeanPostProcessorAutoConfiguration$ReactorDeferringLoadBalancerFilterConfig' of type [org.springframework.cloud.client.loadbalancer.reactive.LoadBalancerBeanPostProcessorAutoConfiguration$ReactorDeferringLoadBalancerFilterConfig] is not eligible for getting processed by all BeanPostProcessors (for example: not eligible for auto-proxying). Is this bean getting eagerly injected/applied to a currently created BeanPostProcessor [loadBalancerWebClientBuilderBeanPostProcessor]? Check the corresponding BeanPostProcessor declaration and its dependencies/advisors. If this bean does not have to be post-processed, declare it with ROLE_INFRASTRUCTURE.
2024-11-27T06:10:52.933-05:00  WARN 60383 --- [cart-service] [restartedMain] [                                                 ] trationDelegate$BeanPostProcessorChecker : Bean 'reactorDeferringLoadBalancerExchangeFilterFunction' of type [org.springframework.cloud.client.loadbalancer.reactive.DeferringLoadBalancerExchangeFilterFunction] is not eligible for getting processed by all BeanPostProcessors (for example: not eligible for auto-proxying). Is this bean getting eagerly injected/applied to a currently created BeanPostProcessor [loadBalancerWebClientBuilderBeanPostProcessor]? Check the corresponding BeanPostProcessor declaration and its dependencies/advisors. If this bean does not have to be post-processed, declare it with ROLE_INFRASTRUCTURE.
2024-11-27T06:10:54.515-05:00  INFO 60383 --- [cart-service] [restartedMain] [                                                 ] o.s.b.w.embedded.tomcat.TomcatWebServer  : Tomcat initialized with port 8081 (http)
2024-11-27T06:10:54.534-05:00  INFO 60383 --- [cart-service] [restartedMain] [                                                 ] o.apache.catalina.core.StandardService   : Starting service [Tomcat]
2024-11-27T06:10:54.535-05:00  INFO 60383 --- [cart-service] [restartedMain] [                                                 ] o.apache.catalina.core.StandardEngine    : Starting Servlet engine: [Apache Tomcat/10.1.33]
2024-11-27T06:10:54.642-05:00  INFO 60383 --- [cart-service] [restartedMain] [                                                 ] o.a.c.c.C.[Tomcat].[localhost].[/]       : Initializing Spring embedded WebApplicationContext
2024-11-27T06:10:54.642-05:00  INFO 60383 --- [cart-service] [restartedMain] [                                                 ] w.s.c.ServletWebServerApplicationContext : Root WebApplicationContext: initialization completed in 9716 ms
2024-11-27T06:10:57.024-05:00  INFO 60383 --- [cart-service] [restartedMain] [                                                 ] com.zaxxer.hikari.HikariDataSource       : HikariPool-1 - Starting...
2024-11-27T06:10:58.345-05:00  INFO 60383 --- [cart-service] [restartedMain] [                                                 ] com.zaxxer.hikari.pool.HikariPool        : HikariPool-1 - Added connection org.postgresql.jdbc.PgConnection@2864fcee
2024-11-27T06:10:58.347-05:00  INFO 60383 --- [cart-service] [restartedMain] [                                                 ] com.zaxxer.hikari.HikariDataSource       : HikariPool-1 - Start completed.
2024-11-27T06:10:59.023-05:00  INFO 60383 --- [cart-service] [restartedMain] [                                                 ] o.hibernate.jpa.internal.util.LogHelper  : HHH000204: Processing PersistenceUnitInfo [name: default]
2024-11-27T06:10:59.139-05:00  INFO 60383 --- [cart-service] [restartedMain] [                                                 ] org.hibernate.Version                    : HHH000412: Hibernate ORM core version 6.5.3.Final
2024-11-27T06:10:59.202-05:00  INFO 60383 --- [cart-service] [restartedMain] [                                                 ] o.h.c.internal.RegionFactoryInitiator    : HHH000026: Second-level cache disabled
2024-11-27T06:10:59.679-05:00  INFO 60383 --- [cart-service] [restartedMain] [                                                 ] o.s.o.j.p.SpringPersistenceUnitInfo      : No LoadTimeWeaver setup: ignoring JPA class transformer
2024-11-27T06:11:00.187-05:00  WARN 60383 --- [cart-service] [restartedMain] [                                                 ] org.hibernate.orm.deprecation            : HHH90000025: PostgreSQLDialect does not need to be specified explicitly using 'hibernate.dialect' (remove the property setting and it will be selected by default)
2024-11-27T06:11:01.680-05:00  INFO 60383 --- [cart-service] [restartedMain] [                                                 ] o.h.e.t.j.p.i.JtaPlatformInitiator       : HHH000489: No JTA platform available (set 'hibernate.transaction.jta.platform' to enable JTA platform integration)
2024-11-27T06:11:02.234-05:00  INFO 60383 --- [cart-service] [restartedMain] [                                                 ] j.LocalContainerEntityManagerFactoryBean : Initialized JPA EntityManagerFactory for persistence unit 'default'
2024-11-27T06:11:03.495-05:00  WARN 60383 --- [cart-service] [restartedMain] [                                                 ] JpaBaseConfiguration$JpaWebConfiguration : spring.jpa.open-in-view is enabled by default. Therefore, database queries may be performed during view rendering. Explicitly configure spring.jpa.open-in-view to disable this warning
2024-11-27T06:11:05.816-05:00  INFO 60383 --- [cart-service] [restartedMain] [                                                 ] o.s.b.d.a.OptionalLiveReloadServer       : LiveReload server is running on port 35729
2024-11-27T06:11:05.879-05:00  INFO 60383 --- [cart-service] [restartedMain] [                                                 ] DiscoveryClientOptionalArgsConfiguration : Eureka HTTP Client uses RestTemplate.
2024-11-27T06:11:06.005-05:00  WARN 60383 --- [cart-service] [restartedMain] [                                                 ] iguration$LoadBalancerCaffeineWarnLogger : Spring Cloud LoadBalancer is currently working with the default cache. While this cache implementation is useful for development and tests, it's recommended to use Caffeine cache in production.You can switch to using Caffeine cache, by adding it and org.springframework.cache.caffeine.CaffeineCacheManager to the classpath.
2024-11-27T06:11:06.020-05:00  INFO 60383 --- [cart-service] [restartedMain] [                                                 ] o.s.b.a.e.web.EndpointLinksResolver      : Exposing 26 endpoints beneath base path '/actuator'
2024-11-27T06:11:06.170-05:00  INFO 60383 --- [cart-service] [restartedMain] [                                                 ] o.s.c.n.eureka.InstanceInfoFactory       : Setting initial instance status as: STARTING
2024-11-27T06:11:06.207-05:00  INFO 60383 --- [cart-service] [restartedMain] [                                                 ] com.netflix.discovery.DiscoveryClient    : Initializing Eureka in region us-east-1
2024-11-27T06:11:06.211-05:00  INFO 60383 --- [cart-service] [restartedMain] [                                                 ] c.n.d.s.r.aws.ConfigClusterResolver      : Resolving eureka endpoints via configuration
2024-11-27T06:11:06.218-05:00  INFO 60383 --- [cart-service] [restartedMain] [                                                 ] com.netflix.discovery.DiscoveryClient    : Disable delta property : false
2024-11-27T06:11:06.218-05:00  INFO 60383 --- [cart-service] [restartedMain] [                                                 ] com.netflix.discovery.DiscoveryClient    : Single vip registry refresh property : null
2024-11-27T06:11:06.218-05:00  INFO 60383 --- [cart-service] [restartedMain] [                                                 ] com.netflix.discovery.DiscoveryClient    : Force full registry fetch : false
2024-11-27T06:11:06.218-05:00  INFO 60383 --- [cart-service] [restartedMain] [                                                 ] com.netflix.discovery.DiscoveryClient    : Application is null : false
2024-11-27T06:11:06.218-05:00  INFO 60383 --- [cart-service] [restartedMain] [                                                 ] com.netflix.discovery.DiscoveryClient    : Registered Applications size is zero : true
2024-11-27T06:11:06.219-05:00  INFO 60383 --- [cart-service] [restartedMain] [                                                 ] com.netflix.discovery.DiscoveryClient    : Application version is -1: true
2024-11-27T06:11:06.219-05:00  INFO 60383 --- [cart-service] [restartedMain] [                                                 ] com.netflix.discovery.DiscoveryClient    : Getting all instance registry info from the eureka server
2024-11-27T06:11:06.529-05:00  INFO 60383 --- [cart-service] [restartedMain] [                                                 ] com.netflix.discovery.DiscoveryClient    : The response status is 200
2024-11-27T06:11:06.532-05:00  INFO 60383 --- [cart-service] [restartedMain] [                                                 ] com.netflix.discovery.DiscoveryClient    : Starting heartbeat executor: renew interval is: 30
2024-11-27T06:11:06.534-05:00  INFO 60383 --- [cart-service] [restartedMain] [                                                 ] c.n.discovery.InstanceInfoReplicator     : InstanceInfoReplicator onDemand update allowed rate per min is 4
2024-11-27T06:11:06.536-05:00  INFO 60383 --- [cart-service] [restartedMain] [                                                 ] com.netflix.discovery.DiscoveryClient    : Discovery Client initialized at timestamp 1732705866535 with initial instances count: 1
2024-11-27T06:11:06.554-05:00  INFO 60383 --- [cart-service] [restartedMain] [                                                 ] o.s.c.n.e.s.EurekaServiceRegistry        : Registering application CART-SERVICE with eureka with status UP
2024-11-27T06:11:06.555-05:00  INFO 60383 --- [cart-service] [restartedMain] [                                                 ] com.netflix.discovery.DiscoveryClient    : Saw local status change event StatusChangeEvent [timestamp=1732705866555, current=UP, previous=STARTING]
2024-11-27T06:11:06.557-05:00  INFO 60383 --- [cart-service] [DiscoveryClient-InstanceInfoReplicator-%d] [                                                 ] com.netflix.discovery.DiscoveryClient    : DiscoveryClient_CART-SERVICE/shuais-mbp:cart-service:8081: registering service...
2024-11-27T06:11:06.592-05:00  INFO 60383 --- [cart-service] [restartedMain] [                                                 ] o.s.b.w.embedded.tomcat.TomcatWebServer  : Tomcat started on port 8081 (http) with context path '/'
2024-11-27T06:11:06.594-05:00  INFO 60383 --- [cart-service] [restartedMain] [                                                 ] .s.c.n.e.s.EurekaAutoServiceRegistration : Updating port to 8081
2024-11-27T06:11:06.666-05:00  INFO 60383 --- [cart-service] [DiscoveryClient-InstanceInfoReplicator-%d] [                                                 ] com.netflix.discovery.DiscoveryClient    : DiscoveryClient_CART-SERVICE/shuais-mbp:cart-service:8081 - registration status: 204
2024-11-27T06:11:06.668-05:00  INFO 60383 --- [cart-service] [restartedMain] [                                                 ] com.example.cart.CartApplication         : Started CartApplication in 23.669 seconds (process running for 28.2)
2024-11-27T06:11:07.115-05:00  INFO 60383 --- [cart-service] [RMI TCP Connection(3)-192.168.1.226] [                                                 ] o.a.c.c.C.[Tomcat].[localhost].[/]       : Initializing Spring DispatcherServlet 'dispatcherServlet'
2024-11-27T06:11:07.116-05:00  INFO 60383 --- [cart-service] [RMI TCP Connection(3)-192.168.1.226] [                                                 ] o.s.web.servlet.DispatcherServlet        : Initializing Servlet 'dispatcherServlet'
2024-11-27T06:11:07.119-05:00  INFO 60383 --- [cart-service] [RMI TCP Connection(3)-192.168.1.226] [                                                 ] o.s.web.servlet.DispatcherServlet        : Completed initialization in 3 ms
2024-11-27T06:11:26.342-05:00  INFO 60383 --- [cart-service] [http-nio-8081-exec-1] [6746fe5ea3c78e0959db47fbe38364b4-59db47fbe38364b4] com.example.cart.service.CartService     : CART-SERVICE[addItem]: CartItem(id=null, product=string, quantity=0)
2024-11-27T06:12:37.476-05:00  INFO 60383 --- [cart-service] [http-nio-8081-exec-3] [6746fea5888137fee48ab516bd49d3e5-e48ab516bd49d3e5] com.example.cart.service.CartService     : CART-SERVICE[addItem]: CartItem(id=null, product=string, quantity=0)
2024-11-27T06:12:50.500-05:00  INFO 60383 --- [cart-service] [SpringApplicationShutdownHook] [                                                 ] o.s.c.n.e.s.EurekaServiceRegistry        : Unregistering application CART-SERVICE with eureka with status DOWN
2024-11-27T06:12:50.504-05:00  INFO 60383 --- [cart-service] [SpringApplicationShutdownHook] [                                                 ] com.netflix.discovery.DiscoveryClient    : Saw local status change event StatusChangeEvent [timestamp=1732705970504, current=DOWN, previous=UP]
2024-11-27T06:12:50.506-05:00  INFO 60383 --- [cart-service] [DiscoveryClient-InstanceInfoReplicator-%d] [                                                 ] com.netflix.discovery.DiscoveryClient    : DiscoveryClient_CART-SERVICE/shuais-mbp:cart-service:8081: registering service...
2024-11-27T06:12:50.581-05:00  INFO 60383 --- [cart-service] [DiscoveryClient-InstanceInfoReplicator-%d] [                                                 ] com.netflix.discovery.DiscoveryClient    : DiscoveryClient_CART-SERVICE/shuais-mbp:cart-service:8081 - registration status: 204
2024-11-27T06:12:50.669-05:00  INFO 60383 --- [cart-service] [SpringApplicationShutdownHook] [                                                 ] j.LocalContainerEntityManagerFactoryBean : Closing JPA EntityManagerFactory for persistence unit 'default'
2024-11-27T06:12:50.683-05:00  INFO 60383 --- [cart-service] [SpringApplicationShutdownHook] [                                                 ] com.zaxxer.hikari.HikariDataSource       : HikariPool-1 - Shutdown initiated...
2024-11-27T06:12:50.691-05:00  INFO 60383 --- [cart-service] [SpringApplicationShutdownHook] [                                                 ] com.zaxxer.hikari.HikariDataSource       : HikariPool-1 - Shutdown completed.
2024-11-27T06:12:50.750-05:00  INFO 60383 --- [cart-service] [SpringApplicationShutdownHook] [                                                 ] com.netflix.discovery.DiscoveryClient    : Shutting down DiscoveryClient ...
2024-11-27T06:12:53.756-05:00  INFO 60383 --- [cart-service] [SpringApplicationShutdownHook] [                                                 ] com.netflix.discovery.DiscoveryClient    : Unregistering ...
2024-11-27T06:12:53.787-05:00  INFO 60383 --- [cart-service] [SpringApplicationShutdownHook] [                                                 ] com.netflix.discovery.DiscoveryClient    : DiscoveryClient_CART-SERVICE/shuais-mbp:cart-service:8081 - deregister  status: 200
2024-11-27T06:12:53.787-05:00  INFO 60383 --- [cart-service] [SpringApplicationShutdownHook] [                                                 ] com.netflix.discovery.DiscoveryClient    : Completed shut down of DiscoveryClient
