2024-11-27T02:48:43.809-05:00  INFO 82449 --- [order-service] [restartedMain] [                                                 ] com.example.order.OrderApplication       : Starting OrderApplication using Java 17.0.13 with PID 82449 (/Users/shuaizhang/Desktop/spring-boot/order/target/classes started by shuaizhang in /Users/shuaizhang/Desktop/spring-boot)
2024-11-27T02:48:43.813-05:00  INFO 82449 --- [order-service] [restartedMain] [                                                 ] com.example.order.OrderApplication       : No active profile set, falling back to 1 default profile: "default"
2024-11-27T02:48:43.866-05:00  INFO 82449 --- [order-service] [restartedMain] [                                                 ] .e.DevToolsPropertyDefaultsPostProcessor : Devtools property defaults active! Set 'spring.devtools.add-properties' to 'false' to disable
2024-11-27T02:48:43.867-05:00  INFO 82449 --- [order-service] [restartedMain] [                                                 ] .e.DevToolsPropertyDefaultsPostProcessor : For additional web related logging consider setting the 'logging.level.web' property to 'DEBUG'
2024-11-27T02:48:45.395-05:00  INFO 82449 --- [order-service] [restartedMain] [                                                 ] .s.d.r.c.RepositoryConfigurationDelegate : Bootstrapping Spring Data JPA repositories in DEFAULT mode.
2024-11-27T02:48:45.581-05:00  INFO 82449 --- [order-service] [restartedMain] [                                                 ] .s.d.r.c.RepositoryConfigurationDelegate : Finished Spring Data repository scanning in 174 ms. Found 1 JPA repository interface.
2024-11-27T02:48:45.918-05:00  INFO 82449 --- [order-service] [restartedMain] [                                                 ] o.s.cloud.context.scope.GenericScope     : BeanFactory id=8dd7df12-6fbc-31e5-a7e2-55d0c7502332
2024-11-27T02:48:46.641-05:00  WARN 82449 --- [order-service] [restartedMain] [                                                 ] trationDelegate$BeanPostProcessorChecker : Bean 'org.springframework.cloud.client.loadbalancer.LoadBalancerAutoConfiguration$DeferringLoadBalancerInterceptorConfig' of type [org.springframework.cloud.client.loadbalancer.LoadBalancerAutoConfiguration$DeferringLoadBalancerInterceptorConfig] is not eligible for getting processed by all BeanPostProcessors (for example: not eligible for auto-proxying). The currently created BeanPostProcessor [lbRestClientPostProcessor] is declared through a non-static factory method on that class; consider declaring it as static instead.
2024-11-27T02:48:46.650-05:00  WARN 82449 --- [order-service] [restartedMain] [                                                 ] trationDelegate$BeanPostProcessorChecker : Bean 'deferringLoadBalancerInterceptor' of type [org.springframework.cloud.client.loadbalancer.DeferringLoadBalancerInterceptor] is not eligible for getting processed by all BeanPostProcessors (for example: not eligible for auto-proxying). Is this bean getting eagerly injected/applied to a currently created BeanPostProcessor [lbRestClientPostProcessor]? Check the corresponding BeanPostProcessor declaration and its dependencies/advisors. If this bean does not have to be post-processed, declare it with ROLE_INFRASTRUCTURE.
2024-11-27T02:48:46.660-05:00  WARN 82449 --- [order-service] [restartedMain] [                                                 ] trationDelegate$BeanPostProcessorChecker : Bean 'org.springframework.cloud.client.loadbalancer.reactive.LoadBalancerBeanPostProcessorAutoConfiguration' of type [org.springframework.cloud.client.loadbalancer.reactive.LoadBalancerBeanPostProcessorAutoConfiguration] is not eligible for getting processed by all BeanPostProcessors (for example: not eligible for auto-proxying). The currently created BeanPostProcessor [loadBalancerWebClientBuilderBeanPostProcessor] is declared through a non-static factory method on that class; consider declaring it as static instead.
2024-11-27T02:48:46.666-05:00  WARN 82449 --- [order-service] [restartedMain] [                                                 ] trationDelegate$BeanPostProcessorChecker : Bean 'org.springframework.cloud.client.loadbalancer.reactive.LoadBalancerBeanPostProcessorAutoConfiguration$ReactorDeferringLoadBalancerFilterConfig' of type [org.springframework.cloud.client.loadbalancer.reactive.LoadBalancerBeanPostProcessorAutoConfiguration$ReactorDeferringLoadBalancerFilterConfig] is not eligible for getting processed by all BeanPostProcessors (for example: not eligible for auto-proxying). Is this bean getting eagerly injected/applied to a currently created BeanPostProcessor [loadBalancerWebClientBuilderBeanPostProcessor]? Check the corresponding BeanPostProcessor declaration and its dependencies/advisors. If this bean does not have to be post-processed, declare it with ROLE_INFRASTRUCTURE.
2024-11-27T02:48:46.670-05:00  WARN 82449 --- [order-service] [restartedMain] [                                                 ] trationDelegate$BeanPostProcessorChecker : Bean 'reactorDeferringLoadBalancerExchangeFilterFunction' of type [org.springframework.cloud.client.loadbalancer.reactive.DeferringLoadBalancerExchangeFilterFunction] is not eligible for getting processed by all BeanPostProcessors (for example: not eligible for auto-proxying). Is this bean getting eagerly injected/applied to a currently created BeanPostProcessor [loadBalancerWebClientBuilderBeanPostProcessor]? Check the corresponding BeanPostProcessor declaration and its dependencies/advisors. If this bean does not have to be post-processed, declare it with ROLE_INFRASTRUCTURE.
2024-11-27T02:48:47.183-05:00  INFO 82449 --- [order-service] [restartedMain] [                                                 ] o.s.b.w.embedded.tomcat.TomcatWebServer  : Tomcat initialized with port 8082 (http)
2024-11-27T02:48:47.193-05:00  INFO 82449 --- [order-service] [restartedMain] [                                                 ] o.apache.catalina.core.StandardService   : Starting service [Tomcat]
2024-11-27T02:48:47.193-05:00  INFO 82449 --- [order-service] [restartedMain] [                                                 ] o.apache.catalina.core.StandardEngine    : Starting Servlet engine: [Apache Tomcat/10.1.33]
2024-11-27T02:48:47.236-05:00  INFO 82449 --- [order-service] [restartedMain] [                                                 ] o.a.c.c.C.[Tomcat].[localhost].[/]       : Initializing Spring embedded WebApplicationContext
2024-11-27T02:48:47.236-05:00  INFO 82449 --- [order-service] [restartedMain] [                                                 ] w.s.c.ServletWebServerApplicationContext : Root WebApplicationContext: initialization completed in 3368 ms
2024-11-27T02:48:47.962-05:00  INFO 82449 --- [order-service] [restartedMain] [                                                 ] com.zaxxer.hikari.HikariDataSource       : HikariPool-1 - Starting...
2024-11-27T02:48:49.319-05:00  INFO 82449 --- [order-service] [restartedMain] [                                                 ] com.zaxxer.hikari.pool.HikariPool        : HikariPool-1 - Added connection org.postgresql.jdbc.PgConnection@568f405d
2024-11-27T02:48:49.322-05:00  INFO 82449 --- [order-service] [restartedMain] [                                                 ] com.zaxxer.hikari.HikariDataSource       : HikariPool-1 - Start completed.
2024-11-27T02:48:49.474-05:00  INFO 82449 --- [order-service] [restartedMain] [                                                 ] o.hibernate.jpa.internal.util.LogHelper  : HHH000204: Processing PersistenceUnitInfo [name: default]
2024-11-27T02:48:49.510-05:00  INFO 82449 --- [order-service] [restartedMain] [                                                 ] org.hibernate.Version                    : HHH000412: Hibernate ORM core version 6.5.3.Final
2024-11-27T02:48:49.537-05:00  INFO 82449 --- [order-service] [restartedMain] [                                                 ] o.h.c.internal.RegionFactoryInitiator    : HHH000026: Second-level cache disabled
2024-11-27T02:48:49.886-05:00  INFO 82449 --- [order-service] [restartedMain] [                                                 ] o.s.o.j.p.SpringPersistenceUnitInfo      : No LoadTimeWeaver setup: ignoring JPA class transformer
2024-11-27T02:48:50.259-05:00  WARN 82449 --- [order-service] [restartedMain] [                                                 ] org.hibernate.orm.deprecation            : HHH90000025: PostgreSQLDialect does not need to be specified explicitly using 'hibernate.dialect' (remove the property setting and it will be selected by default)
2024-11-27T02:48:51.108-05:00  INFO 82449 --- [order-service] [restartedMain] [                                                 ] o.h.e.t.j.p.i.JtaPlatformInitiator       : HHH000489: No JTA platform available (set 'hibernate.transaction.jta.platform' to enable JTA platform integration)
2024-11-27T02:48:51.313-05:00  INFO 82449 --- [order-service] [restartedMain] [                                                 ] j.LocalContainerEntityManagerFactoryBean : Initialized JPA EntityManagerFactory for persistence unit 'default'
2024-11-27T02:48:52.119-05:00  WARN 82449 --- [order-service] [restartedMain] [                                                 ] JpaBaseConfiguration$JpaWebConfiguration : spring.jpa.open-in-view is enabled by default. Therefore, database queries may be performed during view rendering. Explicitly configure spring.jpa.open-in-view to disable this warning
2024-11-27T02:48:53.702-05:00  INFO 82449 --- [order-service] [restartedMain] [                                                 ] o.s.b.d.a.OptionalLiveReloadServer       : LiveReload server is running on port 35729
2024-11-27T02:48:53.754-05:00  INFO 82449 --- [order-service] [restartedMain] [                                                 ] DiscoveryClientOptionalArgsConfiguration : Eureka HTTP Client uses RestTemplate.
2024-11-27T02:48:53.848-05:00  WARN 82449 --- [order-service] [restartedMain] [                                                 ] iguration$LoadBalancerCaffeineWarnLogger : Spring Cloud LoadBalancer is currently working with the default cache. While this cache implementation is useful for development and tests, it's recommended to use Caffeine cache in production.You can switch to using Caffeine cache, by adding it and org.springframework.cache.caffeine.CaffeineCacheManager to the classpath.
2024-11-27T02:48:53.861-05:00  INFO 82449 --- [order-service] [restartedMain] [                                                 ] o.s.b.a.e.web.EndpointLinksResolver      : Exposing 26 endpoints beneath base path '/actuator'
2024-11-27T02:48:53.992-05:00  INFO 82449 --- [order-service] [restartedMain] [                                                 ] o.s.c.n.eureka.InstanceInfoFactory       : Setting initial instance status as: STARTING
2024-11-27T02:48:54.033-05:00  INFO 82449 --- [order-service] [restartedMain] [                                                 ] com.netflix.discovery.DiscoveryClient    : Initializing Eureka in region us-east-1
2024-11-27T02:48:54.036-05:00  INFO 82449 --- [order-service] [restartedMain] [                                                 ] c.n.d.s.r.aws.ConfigClusterResolver      : Resolving eureka endpoints via configuration
2024-11-27T02:48:54.044-05:00  INFO 82449 --- [order-service] [restartedMain] [                                                 ] com.netflix.discovery.DiscoveryClient    : Disable delta property : false
2024-11-27T02:48:54.044-05:00  INFO 82449 --- [order-service] [restartedMain] [                                                 ] com.netflix.discovery.DiscoveryClient    : Single vip registry refresh property : null
2024-11-27T02:48:54.044-05:00  INFO 82449 --- [order-service] [restartedMain] [                                                 ] com.netflix.discovery.DiscoveryClient    : Force full registry fetch : false
2024-11-27T02:48:54.044-05:00  INFO 82449 --- [order-service] [restartedMain] [                                                 ] com.netflix.discovery.DiscoveryClient    : Application is null : false
2024-11-27T02:48:54.044-05:00  INFO 82449 --- [order-service] [restartedMain] [                                                 ] com.netflix.discovery.DiscoveryClient    : Registered Applications size is zero : true
2024-11-27T02:48:54.045-05:00  INFO 82449 --- [order-service] [restartedMain] [                                                 ] com.netflix.discovery.DiscoveryClient    : Application version is -1: true
2024-11-27T02:48:54.045-05:00  INFO 82449 --- [order-service] [restartedMain] [                                                 ] com.netflix.discovery.DiscoveryClient    : Getting all instance registry info from the eureka server
2024-11-27T02:48:54.278-05:00  INFO 82449 --- [order-service] [restartedMain] [                                                 ] com.netflix.discovery.DiscoveryClient    : The response status is 200
2024-11-27T02:48:54.280-05:00  INFO 82449 --- [order-service] [restartedMain] [                                                 ] com.netflix.discovery.DiscoveryClient    : Starting heartbeat executor: renew interval is: 30
2024-11-27T02:48:54.282-05:00  INFO 82449 --- [order-service] [restartedMain] [                                                 ] c.n.discovery.InstanceInfoReplicator     : InstanceInfoReplicator onDemand update allowed rate per min is 4
2024-11-27T02:48:54.284-05:00  INFO 82449 --- [order-service] [restartedMain] [                                                 ] com.netflix.discovery.DiscoveryClient    : Discovery Client initialized at timestamp 1732693734283 with initial instances count: 0
2024-11-27T02:48:54.299-05:00  INFO 82449 --- [order-service] [restartedMain] [                                                 ] o.s.c.n.e.s.EurekaServiceRegistry        : Registering application ORDER-SERVICE with eureka with status UP
2024-11-27T02:48:54.300-05:00  INFO 82449 --- [order-service] [restartedMain] [                                                 ] com.netflix.discovery.DiscoveryClient    : Saw local status change event StatusChangeEvent [timestamp=1732693734300, current=UP, previous=STARTING]
2024-11-27T02:48:54.302-05:00  INFO 82449 --- [order-service] [DiscoveryClient-InstanceInfoReplicator-%d] [                                                 ] com.netflix.discovery.DiscoveryClient    : DiscoveryClient_ORDER-SERVICE/shuais-mbp:order-service:8082: registering service...
2024-11-27T02:48:54.316-05:00  INFO 82449 --- [order-service] [restartedMain] [                                                 ] o.s.b.w.embedded.tomcat.TomcatWebServer  : Tomcat started on port 8082 (http) with context path '/'
2024-11-27T02:48:54.318-05:00  INFO 82449 --- [order-service] [restartedMain] [                                                 ] .s.c.n.e.s.EurekaAutoServiceRegistration : Updating port to 8082
2024-11-27T02:48:54.344-05:00  INFO 82449 --- [order-service] [DiscoveryClient-InstanceInfoReplicator-%d] [                                                 ] com.netflix.discovery.DiscoveryClient    : DiscoveryClient_ORDER-SERVICE/shuais-mbp:order-service:8082 - registration status: 204
2024-11-27T02:48:54.347-05:00  INFO 82449 --- [order-service] [restartedMain] [                                                 ] com.example.order.OrderApplication       : Started OrderApplication in 11.111 seconds (process running for 12.236)
2024-11-27T02:48:54.822-05:00  INFO 82449 --- [order-service] [RMI TCP Connection(1)-192.168.1.226] [                                                 ] o.a.c.c.C.[Tomcat].[localhost].[/]       : Initializing Spring DispatcherServlet 'dispatcherServlet'
2024-11-27T02:48:54.822-05:00  INFO 82449 --- [order-service] [RMI TCP Connection(1)-192.168.1.226] [                                                 ] o.s.web.servlet.DispatcherServlet        : Initializing Servlet 'dispatcherServlet'
2024-11-27T02:48:54.826-05:00  INFO 82449 --- [order-service] [RMI TCP Connection(1)-192.168.1.226] [                                                 ] o.s.web.servlet.DispatcherServlet        : Completed initialization in 3 ms
2024-11-27T02:48:55.394-05:00  WARN 82449 --- [order-service] [AsyncReporter{ZipkinWebClientSender{http://localhost:9411/api/v2/spans}}] [                                                 ] z.r.i.AsyncReporter$BoundedAsyncReporter : Spans were dropped due to exceptions. All subsequent errors will be logged at FINE level.
2024-11-27T02:48:55.395-05:00  WARN 82449 --- [order-service] [AsyncReporter{ZipkinWebClientSender{http://localhost:9411/api/v2/spans}}] [                                                 ] z.r.i.AsyncReporter$BoundedAsyncReporter : Dropped 2 spans due to WebClientRequestException()

org.springframework.web.reactive.function.client.WebClientRequestException: null
	at org.springframework.web.reactive.function.client.ExchangeFunctions$DefaultExchangeFunction.lambda$wrapException$9(ExchangeFunctions.java:136) ~[spring-webflux-6.1.15.jar:6.1.15]
	Suppressed: reactor.core.publisher.FluxOnAssembly$OnAssemblyException: 
Error has been observed at the following site(s):
	*__checkpoint ⇢ Request to POST http://localhost:9411/api/v2/spans [DefaultWebClient]
Original Stack Trace:
		at org.springframework.web.reactive.function.client.ExchangeFunctions$DefaultExchangeFunction.lambda$wrapException$9(ExchangeFunctions.java:136) ~[spring-webflux-6.1.15.jar:6.1.15]
		at reactor.core.publisher.MonoErrorSupplied.subscribe(MonoErrorSupplied.java:55) ~[reactor-core-3.6.12.jar:3.6.12]
		at reactor.core.publisher.Mono.subscribe(Mono.java:4576) ~[reactor-core-3.6.12.jar:3.6.12]
		at reactor.core.publisher.FluxOnErrorResume$ResumeSubscriber.onError(FluxOnErrorResume.java:103) ~[reactor-core-3.6.12.jar:3.6.12]
		at reactor.core.publisher.FluxPeek$PeekSubscriber.onError(FluxPeek.java:222) ~[reactor-core-3.6.12.jar:3.6.12]
		at reactor.core.publisher.FluxPeek$PeekSubscriber.onError(FluxPeek.java:222) ~[reactor-core-3.6.12.jar:3.6.12]
		at reactor.core.publisher.MonoIgnoreThen$ThenIgnoreMain.onError(MonoIgnoreThen.java:280) ~[reactor-core-3.6.12.jar:3.6.12]
		at reactor.core.publisher.FluxMap$MapSubscriber.onError(FluxMap.java:134) ~[reactor-core-3.6.12.jar:3.6.12]
		at reactor.core.publisher.MonoCompletionStage$MonoCompletionStageSubscription.apply(MonoCompletionStage.java:115) ~[reactor-core-3.6.12.jar:3.6.12]
		at reactor.core.publisher.MonoCompletionStage$MonoCompletionStageSubscription.apply(MonoCompletionStage.java:67) ~[reactor-core-3.6.12.jar:3.6.12]
		at java.base/java.util.concurrent.CompletableFuture.uniHandle(CompletableFuture.java:934) ~[na:na]
		at java.base/java.util.concurrent.CompletableFuture$UniHandle.tryFire(CompletableFuture.java:911) ~[na:na]
		at java.base/java.util.concurrent.CompletableFuture.postComplete(CompletableFuture.java:510) ~[na:na]
		at java.base/java.util.concurrent.CompletableFuture.postFire(CompletableFuture.java:614) ~[na:na]
		at java.base/java.util.concurrent.CompletableFuture$UniWhenComplete.tryFire(CompletableFuture.java:844) ~[na:na]
		at java.base/java.util.concurrent.CompletableFuture$Completion.exec(CompletableFuture.java:483) ~[na:na]
		at java.base/java.util.concurrent.ForkJoinTask.doExec(ForkJoinTask.java:373) ~[na:na]
		at java.base/java.util.concurrent.ForkJoinPool$WorkQueue.topLevelExec(ForkJoinPool.java:1182) ~[na:na]
		at java.base/java.util.concurrent.ForkJoinPool.scan(ForkJoinPool.java:1655) ~[na:na]
		at java.base/java.util.concurrent.ForkJoinPool.runWorker(ForkJoinPool.java:1622) ~[na:na]
		at java.base/java.util.concurrent.ForkJoinWorkerThread.run(ForkJoinWorkerThread.java:165) ~[na:na]
	Suppressed: java.lang.Exception: #block terminated with an error
		at reactor.core.publisher.BlockingSingleSubscriber.blockingGet(BlockingSingleSubscriber.java:104) ~[reactor-core-3.6.12.jar:3.6.12]
		at reactor.core.publisher.Mono.block(Mono.java:1779) ~[reactor-core-3.6.12.jar:3.6.12]
		at org.springframework.boot.actuate.autoconfigure.tracing.zipkin.ZipkinWebClientSender.postSpans(ZipkinWebClientSender.java:58) ~[spring-boot-actuator-autoconfigure-3.3.6.jar:3.3.6]
		at org.springframework.boot.actuate.autoconfigure.tracing.zipkin.HttpSender.postSpans(HttpSender.java:69) ~[spring-boot-actuator-autoconfigure-3.3.6.jar:3.3.6]
		at org.springframework.boot.actuate.autoconfigure.tracing.zipkin.HttpSender.postSpans(HttpSender.java:41) ~[spring-boot-actuator-autoconfigure-3.3.6.jar:3.3.6]
		at zipkin2.reporter.BaseHttpSender.send(BaseHttpSender.java:123) ~[zipkin-reporter-3.4.2.jar:na]
		at zipkin2.reporter.internal.AsyncReporter$BoundedAsyncReporter.flush(AsyncReporter.java:266) ~[zipkin-reporter-3.4.2.jar:na]
		at zipkin2.reporter.internal.AsyncReporter$Flusher.run(AsyncReporter.java:352) ~[zipkin-reporter-3.4.2.jar:na]
		at java.base/java.lang.Thread.run(Thread.java:840) ~[na:na]
Caused by: java.net.ConnectException: null
	at java.net.http/jdk.internal.net.http.common.Utils.toConnectException(Utils.java:1083) ~[java.net.http:na]
	at java.net.http/jdk.internal.net.http.PlainHttpConnection.connectAsync(PlainHttpConnection.java:198) ~[java.net.http:na]
	at java.net.http/jdk.internal.net.http.PlainHttpConnection.checkRetryConnect(PlainHttpConnection.java:230) ~[java.net.http:na]
	at java.net.http/jdk.internal.net.http.PlainHttpConnection.lambda$connectAsync$1(PlainHttpConnection.java:206) ~[java.net.http:na]
	at java.base/java.util.concurrent.CompletableFuture.uniHandle(CompletableFuture.java:934) ~[na:na]
	at java.base/java.util.concurrent.CompletableFuture$UniHandle.tryFire(CompletableFuture.java:911) ~[na:na]
	at java.base/java.util.concurrent.CompletableFuture.postComplete(CompletableFuture.java:510) ~[na:na]
	at java.base/java.util.concurrent.CompletableFuture$AsyncSupply.run(CompletableFuture.java:1773) ~[na:na]
	at java.base/java.util.concurrent.ThreadPoolExecutor.runWorker(ThreadPoolExecutor.java:1136) ~[na:na]
	at java.base/java.util.concurrent.ThreadPoolExecutor$Worker.run(ThreadPoolExecutor.java:635) ~[na:na]
	at java.base/java.lang.Thread.run(Thread.java:840) ~[na:na]
Caused by: java.nio.channels.ClosedChannelException: null
	at java.base/sun.nio.ch.SocketChannelImpl.ensureOpen(SocketChannelImpl.java:195) ~[na:na]
	at java.base/sun.nio.ch.SocketChannelImpl.beginConnect(SocketChannelImpl.java:760) ~[na:na]
	at java.base/sun.nio.ch.SocketChannelImpl.connect(SocketChannelImpl.java:848) ~[na:na]
	at java.net.http/jdk.internal.net.http.PlainHttpConnection.lambda$connectAsync$0(PlainHttpConnection.java:183) ~[java.net.http:na]
	at java.base/java.security.AccessController.doPrivileged(AccessController.java:569) ~[na:na]
	at java.net.http/jdk.internal.net.http.PlainHttpConnection.connectAsync(PlainHttpConnection.java:185) ~[java.net.http:na]
	... 9 common frames omitted

2024-11-27T02:49:12.290-05:00  INFO 82449 --- [order-service] [SpringApplicationShutdownHook] [                                                 ] o.s.c.n.e.s.EurekaServiceRegistry        : Unregistering application ORDER-SERVICE with eureka with status DOWN
2024-11-27T02:49:12.290-05:00  INFO 82449 --- [order-service] [SpringApplicationShutdownHook] [                                                 ] com.netflix.discovery.DiscoveryClient    : Saw local status change event StatusChangeEvent [timestamp=1732693752290, current=DOWN, previous=UP]
2024-11-27T02:49:12.291-05:00  INFO 82449 --- [order-service] [DiscoveryClient-InstanceInfoReplicator-%d] [                                                 ] com.netflix.discovery.DiscoveryClient    : DiscoveryClient_ORDER-SERVICE/shuais-mbp:order-service:8082: registering service...
2024-11-27T02:49:12.306-05:00  INFO 82449 --- [order-service] [DiscoveryClient-InstanceInfoReplicator-%d] [                                                 ] com.netflix.discovery.DiscoveryClient    : DiscoveryClient_ORDER-SERVICE/shuais-mbp:order-service:8082 - registration status: 204
2024-11-27T02:49:12.313-05:00  INFO 82449 --- [order-service] [SpringApplicationShutdownHook] [                                                 ] j.LocalContainerEntityManagerFactoryBean : Closing JPA EntityManagerFactory for persistence unit 'default'
2024-11-27T02:49:12.321-05:00  INFO 82449 --- [order-service] [SpringApplicationShutdownHook] [                                                 ] com.zaxxer.hikari.HikariDataSource       : HikariPool-1 - Shutdown initiated...
2024-11-27T02:49:12.326-05:00  INFO 82449 --- [order-service] [SpringApplicationShutdownHook] [                                                 ] com.zaxxer.hikari.HikariDataSource       : HikariPool-1 - Shutdown completed.
2024-11-27T02:49:12.463-05:00  INFO 82449 --- [order-service] [SpringApplicationShutdownHook] [                                                 ] com.netflix.discovery.DiscoveryClient    : Shutting down DiscoveryClient ...
2024-11-27T02:49:15.467-05:00  INFO 82449 --- [order-service] [SpringApplicationShutdownHook] [                                                 ] com.netflix.discovery.DiscoveryClient    : Unregistering ...
2024-11-27T02:49:15.519-05:00  INFO 82449 --- [order-service] [SpringApplicationShutdownHook] [                                                 ] com.netflix.discovery.DiscoveryClient    : DiscoveryClient_ORDER-SERVICE/shuais-mbp:order-service:8082 - deregister  status: 200
2024-11-27T02:49:15.520-05:00  INFO 82449 --- [order-service] [SpringApplicationShutdownHook] [                                                 ] com.netflix.discovery.DiscoveryClient    : Completed shut down of DiscoveryClient
2024-11-27T02:49:21.647-05:00  INFO 82469 --- [order-service] [restartedMain] [                                                 ] com.example.order.OrderApplication       : Starting OrderApplication using Java 17.0.13 with PID 82469 (/Users/shuaizhang/Desktop/spring-boot/order/target/classes started by shuaizhang in /Users/shuaizhang/Desktop/spring-boot)
2024-11-27T02:49:21.709-05:00  INFO 82469 --- [order-service] [restartedMain] [                                                 ] com.example.order.OrderApplication       : No active profile set, falling back to 1 default profile: "default"
2024-11-27T02:49:21.850-05:00  INFO 82469 --- [order-service] [restartedMain] [                                                 ] .e.DevToolsPropertyDefaultsPostProcessor : Devtools property defaults active! Set 'spring.devtools.add-properties' to 'false' to disable
2024-11-27T02:49:21.850-05:00  INFO 82469 --- [order-service] [restartedMain] [                                                 ] .e.DevToolsPropertyDefaultsPostProcessor : For additional web related logging consider setting the 'logging.level.web' property to 'DEBUG'
2024-11-27T02:49:23.557-05:00  INFO 82469 --- [order-service] [restartedMain] [                                                 ] .s.d.r.c.RepositoryConfigurationDelegate : Bootstrapping Spring Data JPA repositories in DEFAULT mode.
2024-11-27T02:49:23.739-05:00  INFO 82469 --- [order-service] [restartedMain] [                                                 ] .s.d.r.c.RepositoryConfigurationDelegate : Finished Spring Data repository scanning in 173 ms. Found 1 JPA repository interface.
2024-11-27T02:49:24.052-05:00  INFO 82469 --- [order-service] [restartedMain] [                                                 ] o.s.cloud.context.scope.GenericScope     : BeanFactory id=8dd7df12-6fbc-31e5-a7e2-55d0c7502332
2024-11-27T02:49:24.404-05:00  WARN 82469 --- [order-service] [restartedMain] [                                                 ] trationDelegate$BeanPostProcessorChecker : Bean 'org.springframework.cloud.client.loadbalancer.LoadBalancerAutoConfiguration$DeferringLoadBalancerInterceptorConfig' of type [org.springframework.cloud.client.loadbalancer.LoadBalancerAutoConfiguration$DeferringLoadBalancerInterceptorConfig] is not eligible for getting processed by all BeanPostProcessors (for example: not eligible for auto-proxying). The currently created BeanPostProcessor [lbRestClientPostProcessor] is declared through a non-static factory method on that class; consider declaring it as static instead.
2024-11-27T02:49:24.409-05:00  WARN 82469 --- [order-service] [restartedMain] [                                                 ] trationDelegate$BeanPostProcessorChecker : Bean 'deferringLoadBalancerInterceptor' of type [org.springframework.cloud.client.loadbalancer.DeferringLoadBalancerInterceptor] is not eligible for getting processed by all BeanPostProcessors (for example: not eligible for auto-proxying). Is this bean getting eagerly injected/applied to a currently created BeanPostProcessor [lbRestClientPostProcessor]? Check the corresponding BeanPostProcessor declaration and its dependencies/advisors. If this bean does not have to be post-processed, declare it with ROLE_INFRASTRUCTURE.
2024-11-27T02:49:24.416-05:00  WARN 82469 --- [order-service] [restartedMain] [                                                 ] trationDelegate$BeanPostProcessorChecker : Bean 'org.springframework.cloud.client.loadbalancer.reactive.LoadBalancerBeanPostProcessorAutoConfiguration' of type [org.springframework.cloud.client.loadbalancer.reactive.LoadBalancerBeanPostProcessorAutoConfiguration] is not eligible for getting processed by all BeanPostProcessors (for example: not eligible for auto-proxying). The currently created BeanPostProcessor [loadBalancerWebClientBuilderBeanPostProcessor] is declared through a non-static factory method on that class; consider declaring it as static instead.
2024-11-27T02:49:24.419-05:00  WARN 82469 --- [order-service] [restartedMain] [                                                 ] trationDelegate$BeanPostProcessorChecker : Bean 'org.springframework.cloud.client.loadbalancer.reactive.LoadBalancerBeanPostProcessorAutoConfiguration$ReactorDeferringLoadBalancerFilterConfig' of type [org.springframework.cloud.client.loadbalancer.reactive.LoadBalancerBeanPostProcessorAutoConfiguration$ReactorDeferringLoadBalancerFilterConfig] is not eligible for getting processed by all BeanPostProcessors (for example: not eligible for auto-proxying). Is this bean getting eagerly injected/applied to a currently created BeanPostProcessor [loadBalancerWebClientBuilderBeanPostProcessor]? Check the corresponding BeanPostProcessor declaration and its dependencies/advisors. If this bean does not have to be post-processed, declare it with ROLE_INFRASTRUCTURE.
2024-11-27T02:49:24.422-05:00  WARN 82469 --- [order-service] [restartedMain] [                                                 ] trationDelegate$BeanPostProcessorChecker : Bean 'reactorDeferringLoadBalancerExchangeFilterFunction' of type [org.springframework.cloud.client.loadbalancer.reactive.DeferringLoadBalancerExchangeFilterFunction] is not eligible for getting processed by all BeanPostProcessors (for example: not eligible for auto-proxying). Is this bean getting eagerly injected/applied to a currently created BeanPostProcessor [loadBalancerWebClientBuilderBeanPostProcessor]? Check the corresponding BeanPostProcessor declaration and its dependencies/advisors. If this bean does not have to be post-processed, declare it with ROLE_INFRASTRUCTURE.
2024-11-27T02:49:24.876-05:00  INFO 82469 --- [order-service] [restartedMain] [                                                 ] o.s.b.w.embedded.tomcat.TomcatWebServer  : Tomcat initialized with port 8082 (http)
2024-11-27T02:49:24.886-05:00  INFO 82469 --- [order-service] [restartedMain] [                                                 ] o.apache.catalina.core.StandardService   : Starting service [Tomcat]
2024-11-27T02:49:24.886-05:00  INFO 82469 --- [order-service] [restartedMain] [                                                 ] o.apache.catalina.core.StandardEngine    : Starting Servlet engine: [Apache Tomcat/10.1.33]
2024-11-27T02:49:24.943-05:00  INFO 82469 --- [order-service] [restartedMain] [                                                 ] o.a.c.c.C.[Tomcat].[localhost].[/]       : Initializing Spring embedded WebApplicationContext
2024-11-27T02:49:24.944-05:00  INFO 82469 --- [order-service] [restartedMain] [                                                 ] w.s.c.ServletWebServerApplicationContext : Root WebApplicationContext: initialization completed in 3093 ms
2024-11-27T02:49:25.865-05:00  INFO 82469 --- [order-service] [restartedMain] [                                                 ] com.zaxxer.hikari.HikariDataSource       : HikariPool-1 - Starting...
2024-11-27T02:49:26.884-05:00  INFO 82469 --- [order-service] [restartedMain] [                                                 ] com.zaxxer.hikari.pool.HikariPool        : HikariPool-1 - Added connection org.postgresql.jdbc.PgConnection@1a0af08b
2024-11-27T02:49:26.886-05:00  INFO 82469 --- [order-service] [restartedMain] [                                                 ] com.zaxxer.hikari.HikariDataSource       : HikariPool-1 - Start completed.
2024-11-27T02:49:27.089-05:00  INFO 82469 --- [order-service] [restartedMain] [                                                 ] o.hibernate.jpa.internal.util.LogHelper  : HHH000204: Processing PersistenceUnitInfo [name: default]
2024-11-27T02:49:27.129-05:00  INFO 82469 --- [order-service] [restartedMain] [                                                 ] org.hibernate.Version                    : HHH000412: Hibernate ORM core version 6.5.3.Final
2024-11-27T02:49:27.154-05:00  INFO 82469 --- [order-service] [restartedMain] [                                                 ] o.h.c.internal.RegionFactoryInitiator    : HHH000026: Second-level cache disabled
2024-11-27T02:49:27.444-05:00  INFO 82469 --- [order-service] [restartedMain] [                                                 ] o.s.o.j.p.SpringPersistenceUnitInfo      : No LoadTimeWeaver setup: ignoring JPA class transformer
2024-11-27T02:49:27.592-05:00  WARN 82469 --- [order-service] [restartedMain] [                                                 ] org.hibernate.orm.deprecation            : HHH90000025: PostgreSQLDialect does not need to be specified explicitly using 'hibernate.dialect' (remove the property setting and it will be selected by default)
2024-11-27T02:49:28.532-05:00  INFO 82469 --- [order-service] [restartedMain] [                                                 ] o.h.e.t.j.p.i.JtaPlatformInitiator       : HHH000489: No JTA platform available (set 'hibernate.transaction.jta.platform' to enable JTA platform integration)
2024-11-27T02:49:28.687-05:00  INFO 82469 --- [order-service] [restartedMain] [                                                 ] j.LocalContainerEntityManagerFactoryBean : Initialized JPA EntityManagerFactory for persistence unit 'default'
2024-11-27T02:49:29.454-05:00  WARN 82469 --- [order-service] [restartedMain] [                                                 ] JpaBaseConfiguration$JpaWebConfiguration : spring.jpa.open-in-view is enabled by default. Therefore, database queries may be performed during view rendering. Explicitly configure spring.jpa.open-in-view to disable this warning
2024-11-27T02:49:31.296-05:00  INFO 82469 --- [order-service] [restartedMain] [                                                 ] o.s.b.d.a.OptionalLiveReloadServer       : LiveReload server is running on port 35729
2024-11-27T02:49:31.359-05:00  INFO 82469 --- [order-service] [restartedMain] [                                                 ] DiscoveryClientOptionalArgsConfiguration : Eureka HTTP Client uses RestTemplate.
2024-11-27T02:49:31.465-05:00  WARN 82469 --- [order-service] [restartedMain] [                                                 ] iguration$LoadBalancerCaffeineWarnLogger : Spring Cloud LoadBalancer is currently working with the default cache. While this cache implementation is useful for development and tests, it's recommended to use Caffeine cache in production.You can switch to using Caffeine cache, by adding it and org.springframework.cache.caffeine.CaffeineCacheManager to the classpath.
2024-11-27T02:49:31.478-05:00  INFO 82469 --- [order-service] [restartedMain] [                                                 ] o.s.b.a.e.web.EndpointLinksResolver      : Exposing 26 endpoints beneath base path '/actuator'
2024-11-27T02:49:31.640-05:00  INFO 82469 --- [order-service] [restartedMain] [                                                 ] o.s.c.n.eureka.InstanceInfoFactory       : Setting initial instance status as: STARTING
2024-11-27T02:49:31.673-05:00  INFO 82469 --- [order-service] [restartedMain] [                                                 ] com.netflix.discovery.DiscoveryClient    : Initializing Eureka in region us-east-1
2024-11-27T02:49:31.677-05:00  INFO 82469 --- [order-service] [restartedMain] [                                                 ] c.n.d.s.r.aws.ConfigClusterResolver      : Resolving eureka endpoints via configuration
2024-11-27T02:49:31.685-05:00  INFO 82469 --- [order-service] [restartedMain] [                                                 ] com.netflix.discovery.DiscoveryClient    : Disable delta property : false
2024-11-27T02:49:31.685-05:00  INFO 82469 --- [order-service] [restartedMain] [                                                 ] com.netflix.discovery.DiscoveryClient    : Single vip registry refresh property : null
2024-11-27T02:49:31.685-05:00  INFO 82469 --- [order-service] [restartedMain] [                                                 ] com.netflix.discovery.DiscoveryClient    : Force full registry fetch : false
2024-11-27T02:49:31.685-05:00  INFO 82469 --- [order-service] [restartedMain] [                                                 ] com.netflix.discovery.DiscoveryClient    : Application is null : false
2024-11-27T02:49:31.685-05:00  INFO 82469 --- [order-service] [restartedMain] [                                                 ] com.netflix.discovery.DiscoveryClient    : Registered Applications size is zero : true
2024-11-27T02:49:31.685-05:00  INFO 82469 --- [order-service] [restartedMain] [                                                 ] com.netflix.discovery.DiscoveryClient    : Application version is -1: true
2024-11-27T02:49:31.685-05:00  INFO 82469 --- [order-service] [restartedMain] [                                                 ] com.netflix.discovery.DiscoveryClient    : Getting all instance registry info from the eureka server
2024-11-27T02:49:31.964-05:00  INFO 82469 --- [order-service] [restartedMain] [                                                 ] com.netflix.discovery.DiscoveryClient    : The response status is 200
2024-11-27T02:49:31.966-05:00  INFO 82469 --- [order-service] [restartedMain] [                                                 ] com.netflix.discovery.DiscoveryClient    : Starting heartbeat executor: renew interval is: 30
2024-11-27T02:49:31.968-05:00  INFO 82469 --- [order-service] [restartedMain] [                                                 ] c.n.discovery.InstanceInfoReplicator     : InstanceInfoReplicator onDemand update allowed rate per min is 4
2024-11-27T02:49:31.970-05:00  INFO 82469 --- [order-service] [restartedMain] [                                                 ] com.netflix.discovery.DiscoveryClient    : Discovery Client initialized at timestamp 1732693771969 with initial instances count: 1
2024-11-27T02:49:31.983-05:00  INFO 82469 --- [order-service] [restartedMain] [                                                 ] o.s.c.n.e.s.EurekaServiceRegistry        : Registering application ORDER-SERVICE with eureka with status UP
2024-11-27T02:49:31.984-05:00  INFO 82469 --- [order-service] [restartedMain] [                                                 ] com.netflix.discovery.DiscoveryClient    : Saw local status change event StatusChangeEvent [timestamp=1732693771984, current=UP, previous=STARTING]
2024-11-27T02:49:31.986-05:00  INFO 82469 --- [order-service] [DiscoveryClient-InstanceInfoReplicator-%d] [                                                 ] com.netflix.discovery.DiscoveryClient    : DiscoveryClient_ORDER-SERVICE/shuais-mbp:order-service:8082: registering service...
2024-11-27T02:49:31.998-05:00  INFO 82469 --- [order-service] [restartedMain] [                                                 ] o.s.b.w.embedded.tomcat.TomcatWebServer  : Tomcat started on port 8082 (http) with context path '/'
2024-11-27T02:49:32.000-05:00  INFO 82469 --- [order-service] [restartedMain] [                                                 ] .s.c.n.e.s.EurekaAutoServiceRegistration : Updating port to 8082
2024-11-27T02:49:32.036-05:00  INFO 82469 --- [order-service] [restartedMain] [                                                 ] com.example.order.OrderApplication       : Started OrderApplication in 11.106 seconds (process running for 12.881)
2024-11-27T02:49:32.037-05:00  INFO 82469 --- [order-service] [DiscoveryClient-InstanceInfoReplicator-%d] [                                                 ] com.netflix.discovery.DiscoveryClient    : DiscoveryClient_ORDER-SERVICE/shuais-mbp:order-service:8082 - registration status: 204
2024-11-27T02:49:32.550-05:00  INFO 82469 --- [order-service] [RMI TCP Connection(4)-192.168.1.226] [                                                 ] o.a.c.c.C.[Tomcat].[localhost].[/]       : Initializing Spring DispatcherServlet 'dispatcherServlet'
2024-11-27T02:49:32.550-05:00  INFO 82469 --- [order-service] [RMI TCP Connection(4)-192.168.1.226] [                                                 ] o.s.web.servlet.DispatcherServlet        : Initializing Servlet 'dispatcherServlet'
2024-11-27T02:49:32.554-05:00  INFO 82469 --- [order-service] [RMI TCP Connection(4)-192.168.1.226] [                                                 ] o.s.web.servlet.DispatcherServlet        : Completed initialization in 3 ms
2024-11-27T02:50:55.446-05:00  INFO 82469 --- [order-service] [File Watcher] [                                                 ] rtingClassPathChangeChangedEventListener : Restarting due to 2 class path changes (0 additions, 0 deletions, 2 modifications)
2024-11-27T02:50:55.460-05:00  INFO 82469 --- [order-service] [Thread-7] [                                                 ] o.s.c.n.e.s.EurekaServiceRegistry        : Unregistering application ORDER-SERVICE with eureka with status DOWN
2024-11-27T02:50:55.461-05:00  INFO 82469 --- [order-service] [Thread-7] [                                                 ] com.netflix.discovery.DiscoveryClient    : Saw local status change event StatusChangeEvent [timestamp=1732693855461, current=DOWN, previous=UP]
2024-11-27T02:50:55.462-05:00  INFO 82469 --- [order-service] [DiscoveryClient-InstanceInfoReplicator-%d] [                                                 ] com.netflix.discovery.DiscoveryClient    : DiscoveryClient_ORDER-SERVICE/shuais-mbp:order-service:8082: registering service...
2024-11-27T02:50:55.591-05:00  INFO 82469 --- [order-service] [DiscoveryClient-InstanceInfoReplicator-%d] [                                                 ] com.netflix.discovery.DiscoveryClient    : DiscoveryClient_ORDER-SERVICE/shuais-mbp:order-service:8082 - registration status: 204
2024-11-27T02:50:55.642-05:00  INFO 82469 --- [order-service] [Thread-7] [                                                 ] j.LocalContainerEntityManagerFactoryBean : Closing JPA EntityManagerFactory for persistence unit 'default'
2024-11-27T02:50:55.735-05:00  INFO 82469 --- [order-service] [Thread-7] [                                                 ] com.zaxxer.hikari.HikariDataSource       : HikariPool-1 - Shutdown initiated...
2024-11-27T02:50:55.750-05:00  INFO 82469 --- [order-service] [Thread-7] [                                                 ] com.zaxxer.hikari.HikariDataSource       : HikariPool-1 - Shutdown completed.
2024-11-27T02:50:55.894-05:00  INFO 82469 --- [order-service] [Thread-7] [                                                 ] com.netflix.discovery.DiscoveryClient    : Shutting down DiscoveryClient ...
2024-11-27T02:50:58.900-05:00  INFO 82469 --- [order-service] [Thread-7] [                                                 ] com.netflix.discovery.DiscoveryClient    : Unregistering ...
2024-11-27T02:50:58.929-05:00  INFO 82469 --- [order-service] [Thread-7] [                                                 ] com.netflix.discovery.DiscoveryClient    : DiscoveryClient_ORDER-SERVICE/shuais-mbp:order-service:8082 - deregister  status: 200
2024-11-27T02:50:58.930-05:00  INFO 82469 --- [order-service] [Thread-7] [                                                 ] com.netflix.discovery.DiscoveryClient    : Completed shut down of DiscoveryClient
2024-11-27T02:50:59.871-05:00  INFO 82469 --- [order-service] [restartedMain] [                                                 ] com.example.order.OrderApplication       : Starting OrderApplication using Java 17.0.13 with PID 82469 (/Users/shuaizhang/Desktop/spring-boot/order/target/classes started by shuaizhang in /Users/shuaizhang/Desktop/spring-boot)
2024-11-27T02:50:59.871-05:00  INFO 82469 --- [order-service] [restartedMain] [                                                 ] com.example.order.OrderApplication       : No active profile set, falling back to 1 default profile: "default"
2024-11-27T02:51:02.863-05:00  INFO 82469 --- [order-service] [restartedMain] [                                                 ] .s.d.r.c.RepositoryConfigurationDelegate : Bootstrapping Spring Data JPA repositories in DEFAULT mode.
2024-11-27T02:51:02.873-05:00  INFO 82469 --- [order-service] [restartedMain] [                                                 ] .s.d.r.c.RepositoryConfigurationDelegate : Finished Spring Data repository scanning in 9 ms. Found 1 JPA repository interface.
2024-11-27T02:51:03.116-05:00  INFO 82469 --- [order-service] [restartedMain] [                                                 ] o.s.cloud.context.scope.GenericScope     : BeanFactory id=8dd7df12-6fbc-31e5-a7e2-55d0c7502332
2024-11-27T02:51:03.223-05:00  WARN 82469 --- [order-service] [restartedMain] [                                                 ] trationDelegate$BeanPostProcessorChecker : Bean 'org.springframework.cloud.client.loadbalancer.LoadBalancerAutoConfiguration$DeferringLoadBalancerInterceptorConfig' of type [org.springframework.cloud.client.loadbalancer.LoadBalancerAutoConfiguration$DeferringLoadBalancerInterceptorConfig] is not eligible for getting processed by all BeanPostProcessors (for example: not eligible for auto-proxying). The currently created BeanPostProcessor [lbRestClientPostProcessor] is declared through a non-static factory method on that class; consider declaring it as static instead.
2024-11-27T02:51:03.284-05:00  WARN 82469 --- [order-service] [restartedMain] [                                                 ] trationDelegate$BeanPostProcessorChecker : Bean 'deferringLoadBalancerInterceptor' of type [org.springframework.cloud.client.loadbalancer.DeferringLoadBalancerInterceptor] is not eligible for getting processed by all BeanPostProcessors (for example: not eligible for auto-proxying). Is this bean getting eagerly injected/applied to a currently created BeanPostProcessor [lbRestClientPostProcessor]? Check the corresponding BeanPostProcessor declaration and its dependencies/advisors. If this bean does not have to be post-processed, declare it with ROLE_INFRASTRUCTURE.
2024-11-27T02:51:03.295-05:00  WARN 82469 --- [order-service] [restartedMain] [                                                 ] trationDelegate$BeanPostProcessorChecker : Bean 'org.springframework.cloud.client.loadbalancer.reactive.LoadBalancerBeanPostProcessorAutoConfiguration' of type [org.springframework.cloud.client.loadbalancer.reactive.LoadBalancerBeanPostProcessorAutoConfiguration] is not eligible for getting processed by all BeanPostProcessors (for example: not eligible for auto-proxying). The currently created BeanPostProcessor [loadBalancerWebClientBuilderBeanPostProcessor] is declared through a non-static factory method on that class; consider declaring it as static instead.
2024-11-27T02:51:03.310-05:00  WARN 82469 --- [order-service] [restartedMain] [                                                 ] trationDelegate$BeanPostProcessorChecker : Bean 'org.springframework.cloud.client.loadbalancer.reactive.LoadBalancerBeanPostProcessorAutoConfiguration$ReactorDeferringLoadBalancerFilterConfig' of type [org.springframework.cloud.client.loadbalancer.reactive.LoadBalancerBeanPostProcessorAutoConfiguration$ReactorDeferringLoadBalancerFilterConfig] is not eligible for getting processed by all BeanPostProcessors (for example: not eligible for auto-proxying). Is this bean getting eagerly injected/applied to a currently created BeanPostProcessor [loadBalancerWebClientBuilderBeanPostProcessor]? Check the corresponding BeanPostProcessor declaration and its dependencies/advisors. If this bean does not have to be post-processed, declare it with ROLE_INFRASTRUCTURE.
2024-11-27T02:51:03.313-05:00  WARN 82469 --- [order-service] [restartedMain] [                                                 ] trationDelegate$BeanPostProcessorChecker : Bean 'reactorDeferringLoadBalancerExchangeFilterFunction' of type [org.springframework.cloud.client.loadbalancer.reactive.DeferringLoadBalancerExchangeFilterFunction] is not eligible for getting processed by all BeanPostProcessors (for example: not eligible for auto-proxying). Is this bean getting eagerly injected/applied to a currently created BeanPostProcessor [loadBalancerWebClientBuilderBeanPostProcessor]? Check the corresponding BeanPostProcessor declaration and its dependencies/advisors. If this bean does not have to be post-processed, declare it with ROLE_INFRASTRUCTURE.
2024-11-27T02:51:03.660-05:00  INFO 82469 --- [order-service] [restartedMain] [                                                 ] o.s.b.w.embedded.tomcat.TomcatWebServer  : Tomcat initialized with port 8082 (http)
2024-11-27T02:51:03.662-05:00  INFO 82469 --- [order-service] [restartedMain] [                                                 ] o.apache.catalina.core.StandardService   : Starting service [Tomcat]
2024-11-27T02:51:03.662-05:00  INFO 82469 --- [order-service] [restartedMain] [                                                 ] o.apache.catalina.core.StandardEngine    : Starting Servlet engine: [Apache Tomcat/10.1.33]
2024-11-27T02:51:03.695-05:00  INFO 82469 --- [order-service] [restartedMain] [                                                 ] o.a.c.c.C.[Tomcat].[localhost].[/]       : Initializing Spring embedded WebApplicationContext
2024-11-27T02:51:03.695-05:00  INFO 82469 --- [order-service] [restartedMain] [                                                 ] w.s.c.ServletWebServerApplicationContext : Root WebApplicationContext: initialization completed in 3821 ms
2024-11-27T02:51:04.332-05:00  INFO 82469 --- [order-service] [restartedMain] [                                                 ] com.zaxxer.hikari.HikariDataSource       : HikariPool-2 - Starting...
2024-11-27T02:51:04.949-05:00  INFO 82469 --- [order-service] [restartedMain] [                                                 ] com.zaxxer.hikari.pool.HikariPool        : HikariPool-2 - Added connection org.postgresql.jdbc.PgConnection@769f3e76
2024-11-27T02:51:04.949-05:00  INFO 82469 --- [order-service] [restartedMain] [                                                 ] com.zaxxer.hikari.HikariDataSource       : HikariPool-2 - Start completed.
2024-11-27T02:51:05.060-05:00  INFO 82469 --- [order-service] [restartedMain] [                                                 ] o.hibernate.jpa.internal.util.LogHelper  : HHH000204: Processing PersistenceUnitInfo [name: default]
2024-11-27T02:51:05.064-05:00  INFO 82469 --- [order-service] [restartedMain] [                                                 ] o.h.c.internal.RegionFactoryInitiator    : HHH000026: Second-level cache disabled
2024-11-27T02:51:05.090-05:00  INFO 82469 --- [order-service] [restartedMain] [                                                 ] o.s.o.j.p.SpringPersistenceUnitInfo      : No LoadTimeWeaver setup: ignoring JPA class transformer
2024-11-27T02:51:05.147-05:00  WARN 82469 --- [order-service] [restartedMain] [                                                 ] org.hibernate.orm.deprecation            : HHH90000025: PostgreSQLDialect does not need to be specified explicitly using 'hibernate.dialect' (remove the property setting and it will be selected by default)
2024-11-27T02:51:05.484-05:00  INFO 82469 --- [order-service] [restartedMain] [                                                 ] o.h.e.t.j.p.i.JtaPlatformInitiator       : HHH000489: No JTA platform available (set 'hibernate.transaction.jta.platform' to enable JTA platform integration)
2024-11-27T02:51:05.587-05:00  INFO 82469 --- [order-service] [restartedMain] [                                                 ] j.LocalContainerEntityManagerFactoryBean : Initialized JPA EntityManagerFactory for persistence unit 'default'
2024-11-27T02:51:06.002-05:00  WARN 82469 --- [order-service] [restartedMain] [                                                 ] JpaBaseConfiguration$JpaWebConfiguration : spring.jpa.open-in-view is enabled by default. Therefore, database queries may be performed during view rendering. Explicitly configure spring.jpa.open-in-view to disable this warning
2024-11-27T02:51:07.193-05:00  INFO 82469 --- [order-service] [restartedMain] [                                                 ] o.s.b.d.a.OptionalLiveReloadServer       : LiveReload server is running on port 35729
2024-11-27T02:51:07.239-05:00  INFO 82469 --- [order-service] [restartedMain] [                                                 ] DiscoveryClientOptionalArgsConfiguration : Eureka HTTP Client uses RestTemplate.
2024-11-27T02:51:07.385-05:00  WARN 82469 --- [order-service] [restartedMain] [                                                 ] iguration$LoadBalancerCaffeineWarnLogger : Spring Cloud LoadBalancer is currently working with the default cache. While this cache implementation is useful for development and tests, it's recommended to use Caffeine cache in production.You can switch to using Caffeine cache, by adding it and org.springframework.cache.caffeine.CaffeineCacheManager to the classpath.
2024-11-27T02:51:07.401-05:00  INFO 82469 --- [order-service] [restartedMain] [                                                 ] o.s.b.a.e.web.EndpointLinksResolver      : Exposing 26 endpoints beneath base path '/actuator'
2024-11-27T02:51:07.492-05:00  INFO 82469 --- [order-service] [restartedMain] [                                                 ] o.s.c.n.eureka.InstanceInfoFactory       : Setting initial instance status as: STARTING
2024-11-27T02:51:07.499-05:00  INFO 82469 --- [order-service] [restartedMain] [                                                 ] com.netflix.discovery.DiscoveryClient    : Initializing Eureka in region us-east-1
2024-11-27T02:51:07.501-05:00  INFO 82469 --- [order-service] [restartedMain] [                                                 ] c.n.d.s.r.aws.ConfigClusterResolver      : Resolving eureka endpoints via configuration
2024-11-27T02:51:07.501-05:00  INFO 82469 --- [order-service] [restartedMain] [                                                 ] com.netflix.discovery.DiscoveryClient    : Disable delta property : false
2024-11-27T02:51:07.501-05:00  INFO 82469 --- [order-service] [restartedMain] [                                                 ] com.netflix.discovery.DiscoveryClient    : Single vip registry refresh property : null
2024-11-27T02:51:07.501-05:00  INFO 82469 --- [order-service] [restartedMain] [                                                 ] com.netflix.discovery.DiscoveryClient    : Force full registry fetch : false
2024-11-27T02:51:07.502-05:00  INFO 82469 --- [order-service] [restartedMain] [                                                 ] com.netflix.discovery.DiscoveryClient    : Application is null : false
2024-11-27T02:51:07.502-05:00  INFO 82469 --- [order-service] [restartedMain] [                                                 ] com.netflix.discovery.DiscoveryClient    : Registered Applications size is zero : true
2024-11-27T02:51:07.502-05:00  INFO 82469 --- [order-service] [restartedMain] [                                                 ] com.netflix.discovery.DiscoveryClient    : Application version is -1: true
2024-11-27T02:51:07.502-05:00  INFO 82469 --- [order-service] [restartedMain] [                                                 ] com.netflix.discovery.DiscoveryClient    : Getting all instance registry info from the eureka server
2024-11-27T02:51:07.562-05:00  INFO 82469 --- [order-service] [restartedMain] [                                                 ] com.netflix.discovery.DiscoveryClient    : The response status is 200
2024-11-27T02:51:07.563-05:00  INFO 82469 --- [order-service] [restartedMain] [                                                 ] com.netflix.discovery.DiscoveryClient    : Starting heartbeat executor: renew interval is: 30
2024-11-27T02:51:07.563-05:00  INFO 82469 --- [order-service] [restartedMain] [                                                 ] c.n.discovery.InstanceInfoReplicator     : InstanceInfoReplicator onDemand update allowed rate per min is 4
2024-11-27T02:51:07.563-05:00  INFO 82469 --- [order-service] [restartedMain] [                                                 ] com.netflix.discovery.DiscoveryClient    : Discovery Client initialized at timestamp 1732693867563 with initial instances count: 1
2024-11-27T02:51:07.576-05:00  INFO 82469 --- [order-service] [restartedMain] [                                                 ] o.s.c.n.e.s.EurekaServiceRegistry        : Registering application ORDER-SERVICE with eureka with status UP
2024-11-27T02:51:07.577-05:00  INFO 82469 --- [order-service] [restartedMain] [                                                 ] com.netflix.discovery.DiscoveryClient    : Saw local status change event StatusChangeEvent [timestamp=1732693867577, current=UP, previous=STARTING]
2024-11-27T02:51:07.577-05:00  INFO 82469 --- [order-service] [DiscoveryClient-InstanceInfoReplicator-%d] [                                                 ] com.netflix.discovery.DiscoveryClient    : DiscoveryClient_ORDER-SERVICE/shuais-mbp:order-service:8082: registering service...
2024-11-27T02:51:07.580-05:00  INFO 82469 --- [order-service] [restartedMain] [                                                 ] o.s.b.w.embedded.tomcat.TomcatWebServer  : Tomcat started on port 8082 (http) with context path '/'
2024-11-27T02:51:07.580-05:00  INFO 82469 --- [order-service] [restartedMain] [                                                 ] .s.c.n.e.s.EurekaAutoServiceRegistration : Updating port to 8082
2024-11-27T02:51:07.601-05:00  INFO 82469 --- [order-service] [DiscoveryClient-InstanceInfoReplicator-%d] [                                                 ] com.netflix.discovery.DiscoveryClient    : DiscoveryClient_ORDER-SERVICE/shuais-mbp:order-service:8082 - registration status: 204
2024-11-27T02:51:07.620-05:00  INFO 82469 --- [order-service] [restartedMain] [                                                 ] com.example.order.OrderApplication       : Started OrderApplication in 7.862 seconds (process running for 108.464)
2024-11-27T02:51:07.624-05:00  INFO 82469 --- [order-service] [restartedMain] [                                                 ] .ConditionEvaluationDeltaLoggingListener : Condition evaluation unchanged
2024-11-27T02:51:26.751-05:00  INFO 82469 --- [order-service] [File Watcher] [                                                 ] rtingClassPathChangeChangedEventListener : Restarting due to 2 class path changes (0 additions, 0 deletions, 2 modifications)
2024-11-27T02:51:26.754-05:00  INFO 82469 --- [order-service] [Thread-9] [                                                 ] o.s.c.n.e.s.EurekaServiceRegistry        : Unregistering application ORDER-SERVICE with eureka with status DOWN
2024-11-27T02:51:26.754-05:00  INFO 82469 --- [order-service] [Thread-9] [                                                 ] com.netflix.discovery.DiscoveryClient    : Saw local status change event StatusChangeEvent [timestamp=1732693886754, current=DOWN, previous=UP]
2024-11-27T02:51:26.754-05:00  INFO 82469 --- [order-service] [DiscoveryClient-InstanceInfoReplicator-%d] [                                                 ] com.netflix.discovery.DiscoveryClient    : DiscoveryClient_ORDER-SERVICE/shuais-mbp:order-service:8082: registering service...
2024-11-27T02:51:26.763-05:00  INFO 82469 --- [order-service] [Thread-9] [                                                 ] j.LocalContainerEntityManagerFactoryBean : Closing JPA EntityManagerFactory for persistence unit 'default'
2024-11-27T02:51:26.764-05:00  INFO 82469 --- [order-service] [Thread-9] [                                                 ] com.zaxxer.hikari.HikariDataSource       : HikariPool-2 - Shutdown initiated...
2024-11-27T02:51:26.766-05:00  INFO 82469 --- [order-service] [DiscoveryClient-InstanceInfoReplicator-%d] [                                                 ] com.netflix.discovery.DiscoveryClient    : DiscoveryClient_ORDER-SERVICE/shuais-mbp:order-service:8082 - registration status: 204
2024-11-27T02:51:26.767-05:00  INFO 82469 --- [order-service] [Thread-9] [                                                 ] com.zaxxer.hikari.HikariDataSource       : HikariPool-2 - Shutdown completed.
2024-11-27T02:51:26.805-05:00  INFO 82469 --- [order-service] [Thread-9] [                                                 ] com.netflix.discovery.DiscoveryClient    : Shutting down DiscoveryClient ...
2024-11-27T02:51:29.809-05:00  INFO 82469 --- [order-service] [Thread-9] [                                                 ] com.netflix.discovery.DiscoveryClient    : Unregistering ...
2024-11-27T02:51:29.819-05:00  INFO 82469 --- [order-service] [Thread-9] [                                                 ] com.netflix.discovery.DiscoveryClient    : DiscoveryClient_ORDER-SERVICE/shuais-mbp:order-service:8082 - deregister  status: 200
2024-11-27T02:51:29.819-05:00  INFO 82469 --- [order-service] [Thread-9] [                                                 ] com.netflix.discovery.DiscoveryClient    : Completed shut down of DiscoveryClient
2024-11-27T02:51:30.059-05:00  INFO 82469 --- [order-service] [restartedMain] [                                                 ] com.example.order.OrderApplication       : Starting OrderApplication using Java 17.0.13 with PID 82469 (/Users/shuaizhang/Desktop/spring-boot/order/target/classes started by shuaizhang in /Users/shuaizhang/Desktop/spring-boot)
2024-11-27T02:51:30.059-05:00  INFO 82469 --- [order-service] [restartedMain] [                                                 ] com.example.order.OrderApplication       : No active profile set, falling back to 1 default profile: "default"
2024-11-27T02:51:30.640-05:00  INFO 82469 --- [order-service] [restartedMain] [                                                 ] .s.d.r.c.RepositoryConfigurationDelegate : Bootstrapping Spring Data JPA repositories in DEFAULT mode.
2024-11-27T02:51:30.647-05:00  INFO 82469 --- [order-service] [restartedMain] [                                                 ] .s.d.r.c.RepositoryConfigurationDelegate : Finished Spring Data repository scanning in 6 ms. Found 1 JPA repository interface.
2024-11-27T02:51:30.726-05:00  INFO 82469 --- [order-service] [restartedMain] [                                                 ] o.s.cloud.context.scope.GenericScope     : BeanFactory id=8dd7df12-6fbc-31e5-a7e2-55d0c7502332
2024-11-27T02:51:30.773-05:00  WARN 82469 --- [order-service] [restartedMain] [                                                 ] trationDelegate$BeanPostProcessorChecker : Bean 'org.springframework.cloud.client.loadbalancer.LoadBalancerAutoConfiguration$DeferringLoadBalancerInterceptorConfig' of type [org.springframework.cloud.client.loadbalancer.LoadBalancerAutoConfiguration$DeferringLoadBalancerInterceptorConfig] is not eligible for getting processed by all BeanPostProcessors (for example: not eligible for auto-proxying). The currently created BeanPostProcessor [lbRestClientPostProcessor] is declared through a non-static factory method on that class; consider declaring it as static instead.
2024-11-27T02:51:30.776-05:00  WARN 82469 --- [order-service] [restartedMain] [                                                 ] trationDelegate$BeanPostProcessorChecker : Bean 'deferringLoadBalancerInterceptor' of type [org.springframework.cloud.client.loadbalancer.DeferringLoadBalancerInterceptor] is not eligible for getting processed by all BeanPostProcessors (for example: not eligible for auto-proxying). Is this bean getting eagerly injected/applied to a currently created BeanPostProcessor [lbRestClientPostProcessor]? Check the corresponding BeanPostProcessor declaration and its dependencies/advisors. If this bean does not have to be post-processed, declare it with ROLE_INFRASTRUCTURE.
2024-11-27T02:51:30.779-05:00  WARN 82469 --- [order-service] [restartedMain] [                                                 ] trationDelegate$BeanPostProcessorChecker : Bean 'org.springframework.cloud.client.loadbalancer.reactive.LoadBalancerBeanPostProcessorAutoConfiguration' of type [org.springframework.cloud.client.loadbalancer.reactive.LoadBalancerBeanPostProcessorAutoConfiguration] is not eligible for getting processed by all BeanPostProcessors (for example: not eligible for auto-proxying). The currently created BeanPostProcessor [loadBalancerWebClientBuilderBeanPostProcessor] is declared through a non-static factory method on that class; consider declaring it as static instead.
2024-11-27T02:51:30.781-05:00  WARN 82469 --- [order-service] [restartedMain] [                                                 ] trationDelegate$BeanPostProcessorChecker : Bean 'org.springframework.cloud.client.loadbalancer.reactive.LoadBalancerBeanPostProcessorAutoConfiguration$ReactorDeferringLoadBalancerFilterConfig' of type [org.springframework.cloud.client.loadbalancer.reactive.LoadBalancerBeanPostProcessorAutoConfiguration$ReactorDeferringLoadBalancerFilterConfig] is not eligible for getting processed by all BeanPostProcessors (for example: not eligible for auto-proxying). Is this bean getting eagerly injected/applied to a currently created BeanPostProcessor [loadBalancerWebClientBuilderBeanPostProcessor]? Check the corresponding BeanPostProcessor declaration and its dependencies/advisors. If this bean does not have to be post-processed, declare it with ROLE_INFRASTRUCTURE.
2024-11-27T02:51:30.782-05:00  WARN 82469 --- [order-service] [restartedMain] [                                                 ] trationDelegate$BeanPostProcessorChecker : Bean 'reactorDeferringLoadBalancerExchangeFilterFunction' of type [org.springframework.cloud.client.loadbalancer.reactive.DeferringLoadBalancerExchangeFilterFunction] is not eligible for getting processed by all BeanPostProcessors (for example: not eligible for auto-proxying). Is this bean getting eagerly injected/applied to a currently created BeanPostProcessor [loadBalancerWebClientBuilderBeanPostProcessor]? Check the corresponding BeanPostProcessor declaration and its dependencies/advisors. If this bean does not have to be post-processed, declare it with ROLE_INFRASTRUCTURE.
2024-11-27T02:51:30.927-05:00  INFO 82469 --- [order-service] [restartedMain] [                                                 ] o.s.b.w.embedded.tomcat.TomcatWebServer  : Tomcat initialized with port 8082 (http)
2024-11-27T02:51:30.928-05:00  INFO 82469 --- [order-service] [restartedMain] [                                                 ] o.apache.catalina.core.StandardService   : Starting service [Tomcat]
2024-11-27T02:51:30.928-05:00  INFO 82469 --- [order-service] [restartedMain] [                                                 ] o.apache.catalina.core.StandardEngine    : Starting Servlet engine: [Apache Tomcat/10.1.33]
2024-11-27T02:51:30.950-05:00  INFO 82469 --- [order-service] [restartedMain] [                                                 ] o.a.c.c.C.[Tomcat].[localhost].[/]       : Initializing Spring embedded WebApplicationContext
2024-11-27T02:51:30.951-05:00  INFO 82469 --- [order-service] [restartedMain] [                                                 ] w.s.c.ServletWebServerApplicationContext : Root WebApplicationContext: initialization completed in 890 ms
2024-11-27T02:51:31.198-05:00  INFO 82469 --- [order-service] [restartedMain] [                                                 ] com.zaxxer.hikari.HikariDataSource       : HikariPool-3 - Starting...
2024-11-27T02:51:31.984-05:00  INFO 82469 --- [order-service] [restartedMain] [                                                 ] com.zaxxer.hikari.pool.HikariPool        : HikariPool-3 - Added connection org.postgresql.jdbc.PgConnection@5f39357e
2024-11-27T02:51:31.985-05:00  INFO 82469 --- [order-service] [restartedMain] [                                                 ] com.zaxxer.hikari.HikariDataSource       : HikariPool-3 - Start completed.
2024-11-27T02:51:32.155-05:00  INFO 82469 --- [order-service] [restartedMain] [                                                 ] o.hibernate.jpa.internal.util.LogHelper  : HHH000204: Processing PersistenceUnitInfo [name: default]
2024-11-27T02:51:32.157-05:00  INFO 82469 --- [order-service] [restartedMain] [                                                 ] o.h.c.internal.RegionFactoryInitiator    : HHH000026: Second-level cache disabled
2024-11-27T02:51:32.163-05:00  INFO 82469 --- [order-service] [restartedMain] [                                                 ] o.s.o.j.p.SpringPersistenceUnitInfo      : No LoadTimeWeaver setup: ignoring JPA class transformer
2024-11-27T02:51:32.282-05:00  WARN 82469 --- [order-service] [restartedMain] [                                                 ] org.hibernate.orm.deprecation            : HHH90000025: PostgreSQLDialect does not need to be specified explicitly using 'hibernate.dialect' (remove the property setting and it will be selected by default)
2024-11-27T02:51:32.404-05:00  INFO 82469 --- [order-service] [restartedMain] [                                                 ] o.h.e.t.j.p.i.JtaPlatformInitiator       : HHH000489: No JTA platform available (set 'hibernate.transaction.jta.platform' to enable JTA platform integration)
2024-11-27T02:51:32.910-05:00  INFO 82469 --- [order-service] [restartedMain] [                                                 ] j.LocalContainerEntityManagerFactoryBean : Initialized JPA EntityManagerFactory for persistence unit 'default'
2024-11-27T02:51:33.276-05:00  WARN 82469 --- [order-service] [restartedMain] [                                                 ] JpaBaseConfiguration$JpaWebConfiguration : spring.jpa.open-in-view is enabled by default. Therefore, database queries may be performed during view rendering. Explicitly configure spring.jpa.open-in-view to disable this warning
2024-11-27T02:51:34.286-05:00  INFO 82469 --- [order-service] [restartedMain] [                                                 ] o.s.b.d.a.OptionalLiveReloadServer       : LiveReload server is running on port 35729
2024-11-27T02:51:34.327-05:00  INFO 82469 --- [order-service] [restartedMain] [                                                 ] DiscoveryClientOptionalArgsConfiguration : Eureka HTTP Client uses RestTemplate.
2024-11-27T02:51:34.405-05:00  WARN 82469 --- [order-service] [restartedMain] [                                                 ] iguration$LoadBalancerCaffeineWarnLogger : Spring Cloud LoadBalancer is currently working with the default cache. While this cache implementation is useful for development and tests, it's recommended to use Caffeine cache in production.You can switch to using Caffeine cache, by adding it and org.springframework.cache.caffeine.CaffeineCacheManager to the classpath.
2024-11-27T02:51:34.414-05:00  INFO 82469 --- [order-service] [restartedMain] [                                                 ] o.s.b.a.e.web.EndpointLinksResolver      : Exposing 26 endpoints beneath base path '/actuator'
2024-11-27T02:51:34.465-05:00  INFO 82469 --- [order-service] [restartedMain] [                                                 ] o.s.c.n.eureka.InstanceInfoFactory       : Setting initial instance status as: STARTING
2024-11-27T02:51:34.468-05:00  INFO 82469 --- [order-service] [restartedMain] [                                                 ] com.netflix.discovery.DiscoveryClient    : Initializing Eureka in region us-east-1
2024-11-27T02:51:34.469-05:00  INFO 82469 --- [order-service] [restartedMain] [                                                 ] c.n.d.s.r.aws.ConfigClusterResolver      : Resolving eureka endpoints via configuration
2024-11-27T02:51:34.469-05:00  INFO 82469 --- [order-service] [restartedMain] [                                                 ] com.netflix.discovery.DiscoveryClient    : Disable delta property : false
2024-11-27T02:51:34.469-05:00  INFO 82469 --- [order-service] [restartedMain] [                                                 ] com.netflix.discovery.DiscoveryClient    : Single vip registry refresh property : null
2024-11-27T02:51:34.469-05:00  INFO 82469 --- [order-service] [restartedMain] [                                                 ] com.netflix.discovery.DiscoveryClient    : Force full registry fetch : false
2024-11-27T02:51:34.469-05:00  INFO 82469 --- [order-service] [restartedMain] [                                                 ] com.netflix.discovery.DiscoveryClient    : Application is null : false
2024-11-27T02:51:34.469-05:00  INFO 82469 --- [order-service] [restartedMain] [                                                 ] com.netflix.discovery.DiscoveryClient    : Registered Applications size is zero : true
2024-11-27T02:51:34.469-05:00  INFO 82469 --- [order-service] [restartedMain] [                                                 ] com.netflix.discovery.DiscoveryClient    : Application version is -1: true
2024-11-27T02:51:34.469-05:00  INFO 82469 --- [order-service] [restartedMain] [                                                 ] com.netflix.discovery.DiscoveryClient    : Getting all instance registry info from the eureka server
2024-11-27T02:51:34.492-05:00  INFO 82469 --- [order-service] [restartedMain] [                                                 ] com.netflix.discovery.DiscoveryClient    : The response status is 200
2024-11-27T02:51:34.493-05:00  INFO 82469 --- [order-service] [restartedMain] [                                                 ] com.netflix.discovery.DiscoveryClient    : Starting heartbeat executor: renew interval is: 30
2024-11-27T02:51:34.493-05:00  INFO 82469 --- [order-service] [restartedMain] [                                                 ] c.n.discovery.InstanceInfoReplicator     : InstanceInfoReplicator onDemand update allowed rate per min is 4
2024-11-27T02:51:34.494-05:00  INFO 82469 --- [order-service] [restartedMain] [                                                 ] com.netflix.discovery.DiscoveryClient    : Discovery Client initialized at timestamp 1732693894494 with initial instances count: 1
2024-11-27T02:51:34.508-05:00  INFO 82469 --- [order-service] [restartedMain] [                                                 ] o.s.c.n.e.s.EurekaServiceRegistry        : Registering application ORDER-SERVICE with eureka with status UP
2024-11-27T02:51:34.508-05:00  INFO 82469 --- [order-service] [restartedMain] [                                                 ] com.netflix.discovery.DiscoveryClient    : Saw local status change event StatusChangeEvent [timestamp=1732693894508, current=UP, previous=STARTING]
2024-11-27T02:51:34.508-05:00  INFO 82469 --- [order-service] [DiscoveryClient-InstanceInfoReplicator-%d] [                                                 ] com.netflix.discovery.DiscoveryClient    : DiscoveryClient_ORDER-SERVICE/shuais-mbp:order-service:8082: registering service...
2024-11-27T02:51:34.518-05:00  INFO 82469 --- [order-service] [restartedMain] [                                                 ] o.s.b.w.embedded.tomcat.TomcatWebServer  : Tomcat started on port 8082 (http) with context path '/'
2024-11-27T02:51:34.518-05:00  INFO 82469 --- [order-service] [restartedMain] [                                                 ] .s.c.n.e.s.EurekaAutoServiceRegistration : Updating port to 8082
2024-11-27T02:51:34.526-05:00  INFO 82469 --- [order-service] [DiscoveryClient-InstanceInfoReplicator-%d] [                                                 ] com.netflix.discovery.DiscoveryClient    : DiscoveryClient_ORDER-SERVICE/shuais-mbp:order-service:8082 - registration status: 204
2024-11-27T02:51:34.547-05:00  INFO 82469 --- [order-service] [restartedMain] [                                                 ] com.example.order.OrderApplication       : Started OrderApplication in 4.631 seconds (process running for 135.391)
2024-11-27T02:51:34.549-05:00  INFO 82469 --- [order-service] [restartedMain] [                                                 ] .ConditionEvaluationDeltaLoggingListener : Condition evaluation unchanged
2024-11-27T02:53:38.811-05:00  INFO 82469 --- [order-service] [http-nio-8082-exec-1] [                                                 ] o.a.c.c.C.[Tomcat].[localhost].[/]       : Initializing Spring DispatcherServlet 'dispatcherServlet'
2024-11-27T02:53:38.814-05:00  INFO 82469 --- [order-service] [http-nio-8082-exec-1] [                                                 ] o.s.web.servlet.DispatcherServlet        : Initializing Servlet 'dispatcherServlet'
2024-11-27T02:53:38.832-05:00  INFO 82469 --- [order-service] [http-nio-8082-exec-1] [                                                 ] o.s.web.servlet.DispatcherServlet        : Completed initialization in 17 ms
2024-11-27T02:53:38.907-05:00  INFO 82469 --- [order-service] [http-nio-8082-exec-1] [6746d002c5468c25064f6e75eb737cf8-4e862705d0e4912e] com.example.order.service.OrderService   : ORDER-SERVICE[createOrder]: Order(id=null, status=CREATED)
2024-11-27T02:53:41.578-05:00  INFO 82469 --- [order-service] [http-nio-8082-exec-2] [6746d005ea69c6eca907b9eea17cf8eb-e519f23bdd086a34] com.example.order.service.OrderService   : ORDER-SERVICE[createOrder]: Order(id=null, status=CREATED)
2024-11-27T02:53:42.979-05:00  INFO 82469 --- [order-service] [http-nio-8082-exec-3] [6746d0062de1f6b347ebe491c0976e42-b99737a3d1304d1e] com.example.order.service.OrderService   : ORDER-SERVICE[createOrder]: Order(id=null, status=CREATED)
2024-11-27T02:56:34.482-05:00  INFO 82469 --- [order-service] [AsyncResolver-bootstrap-executor-%d] [                                                 ] c.n.d.s.r.aws.ConfigClusterResolver      : Resolving eureka endpoints via configuration
2024-11-27T03:01:34.495-05:00  INFO 82469 --- [order-service] [AsyncResolver-bootstrap-executor-%d] [                                                 ] c.n.d.s.r.aws.ConfigClusterResolver      : Resolving eureka endpoints via configuration
2024-11-27T03:06:34.502-05:00  INFO 82469 --- [order-service] [AsyncResolver-bootstrap-executor-%d] [                                                 ] c.n.d.s.r.aws.ConfigClusterResolver      : Resolving eureka endpoints via configuration
2024-11-27T03:11:34.514-05:00  INFO 82469 --- [order-service] [AsyncResolver-bootstrap-executor-%d] [                                                 ] c.n.d.s.r.aws.ConfigClusterResolver      : Resolving eureka endpoints via configuration
2024-11-27T03:16:34.527-05:00  INFO 82469 --- [order-service] [AsyncResolver-bootstrap-executor-%d] [                                                 ] c.n.d.s.r.aws.ConfigClusterResolver      : Resolving eureka endpoints via configuration
2024-11-27T03:21:34.544-05:00  INFO 82469 --- [order-service] [AsyncResolver-bootstrap-executor-%d] [                                                 ] c.n.d.s.r.aws.ConfigClusterResolver      : Resolving eureka endpoints via configuration
2024-11-27T03:26:34.554-05:00  INFO 82469 --- [order-service] [AsyncResolver-bootstrap-executor-%d] [                                                 ] c.n.d.s.r.aws.ConfigClusterResolver      : Resolving eureka endpoints via configuration
2024-11-27T03:30:50.967-05:00  INFO 82469 --- [order-service] [File Watcher] [                                                 ] rtingClassPathChangeChangedEventListener : Restarting due to 1 class path change (1 addition, 0 deletions, 0 modifications)
2024-11-27T03:30:51.022-05:00  INFO 82469 --- [order-service] [Thread-15] [                                                 ] o.s.c.n.e.s.EurekaServiceRegistry        : Unregistering application ORDER-SERVICE with eureka with status DOWN
2024-11-27T03:30:51.023-05:00  INFO 82469 --- [order-service] [Thread-15] [                                                 ] com.netflix.discovery.DiscoveryClient    : Saw local status change event StatusChangeEvent [timestamp=1732696251023, current=DOWN, previous=UP]
2024-11-27T03:30:51.025-05:00  INFO 82469 --- [order-service] [DiscoveryClient-InstanceInfoReplicator-%d] [                                                 ] com.netflix.discovery.DiscoveryClient    : DiscoveryClient_ORDER-SERVICE/shuais-mbp:order-service:8082: registering service...
2024-11-27T03:30:51.116-05:00  INFO 82469 --- [order-service] [DiscoveryClient-InstanceInfoReplicator-%d] [                                                 ] com.netflix.discovery.DiscoveryClient    : DiscoveryClient_ORDER-SERVICE/shuais-mbp:order-service:8082 - registration status: 204
2024-11-27T03:30:51.229-05:00  INFO 82469 --- [order-service] [Thread-15] [                                                 ] j.LocalContainerEntityManagerFactoryBean : Closing JPA EntityManagerFactory for persistence unit 'default'
2024-11-27T03:30:51.268-05:00  INFO 82469 --- [order-service] [Thread-15] [                                                 ] com.zaxxer.hikari.HikariDataSource       : HikariPool-3 - Shutdown initiated...
2024-11-27T03:30:51.301-05:00  INFO 82469 --- [order-service] [Thread-15] [                                                 ] com.zaxxer.hikari.HikariDataSource       : HikariPool-3 - Shutdown completed.
2024-11-27T03:30:52.154-05:00  INFO 82469 --- [order-service] [Thread-15] [                                                 ] com.netflix.discovery.DiscoveryClient    : Shutting down DiscoveryClient ...
2024-11-27T03:30:55.211-05:00  INFO 82469 --- [order-service] [Thread-15] [                                                 ] com.netflix.discovery.DiscoveryClient    : Unregistering ...
2024-11-27T03:30:55.221-05:00  INFO 82469 --- [order-service] [Thread-15] [                                                 ] com.netflix.discovery.DiscoveryClient    : DiscoveryClient_ORDER-SERVICE/shuais-mbp:order-service:8082 - deregister  status: 200
2024-11-27T03:30:55.222-05:00  INFO 82469 --- [order-service] [Thread-15] [                                                 ] com.netflix.discovery.DiscoveryClient    : Completed shut down of DiscoveryClient
